<?xml version="1.0" encoding="UTF-8"?>
<!-- Generated by org.testng.reporters.JUnitReportReporter -->
<testsuite skipped="1" hostname="DESKTOP-MN3U1UN" name="com.vtiger.testscripts.ImportContact" tests="2" failures="0" timestamp="25 Aug 2020 09:58:00 GMT" time="14.973" errors="1">
  <testcase name="openbrowser" time="14.973" classname="com.vtiger.testscripts.ImportContact">
    <error type="org.openqa.selenium.SessionNotCreatedException" message="session not created
from chrome not reachable
  (Session info: chrome=84.0.4147.135)
Build info: version: &#039;3.141.59&#039;, revision: &#039;e82be7d358&#039;, time: &#039;2018-11-14T08:25:53&#039;
System info: host: &#039;DESKTOP-MN3U1UN&#039;, ip: &#039;192.168.225.206&#039;, os.name: &#039;Windows 10&#039;, os.arch: &#039;amd64&#039;, os.version: &#039;10.0&#039;, java.version: &#039;1.8.0_221&#039;
Driver info: driver.version: ChromeDriver
remote stacktrace: Backtrace:
	Ordinal0 [0x01599563+2725219]
	Ordinal0 [0x01498551+1672529]
	Ordinal0 [0x01380202+524802]
	Ordinal0 [0x013799B2+498098]
	Ordinal0 [0x0137A09B+499867]
	Ordinal0 [0x0137AFF5+503797]
	Ordinal0 [0x01376994+485780]
	Ordinal0 [0x01380FF0+528368]
	Ordinal0 [0x0132D6C9+186057]
	Ordinal0 [0x0132CA3D+182845]
	Ordinal0 [0x0132A94B+174411]
	Ordinal0 [0x01312528+75048]
	Ordinal0 [0x013135A0+79264]
	Ordinal0 [0x01313539+79161]
	Ordinal0 [0x014AD607+1758727]
	GetHandleVerifier [0x016B6546+1050150]
	GetHandleVerifier [0x016B6291+1049457]
	GetHandleVerifier [0x016C10D7+1094071]
	GetHandleVerifier [0x016B6B46+1051686]
	Ordinal0 [0x014A5B06+1727238]
	Ordinal0 [0x014AEB7B+1764219]
	Ordinal0 [0x014AECE3+1764579]
	Ordinal0 [0x014C4C05+1854469]
	BaseThreadInitThunk [0x74C862C4+36]
	RtlSubscribeWnfStateChangeNotification [0x77B80609+1081]
	RtlSubscribeWnfStateChangeNotification [0x77B805D4+1028]
">
      <![CDATA[org.openqa.selenium.SessionNotCreatedException: session not created
from chrome not reachable
  (Session info: chrome=84.0.4147.135)
Build info: version: '3.141.59', revision: 'e82be7d358', time: '2018-11-14T08:25:53'
System info: host: 'DESKTOP-MN3U1UN', ip: '192.168.225.206', os.name: 'Windows 10', os.arch: 'amd64', os.version: '10.0', java.version: '1.8.0_221'
Driver info: driver.version: ChromeDriver
remote stacktrace: Backtrace:
Ordinal0 [0x01599563+2725219]
Ordinal0 [0x01498551+1672529]
Ordinal0 [0x01380202+524802]
Ordinal0 [0x013799B2+498098]
Ordinal0 [0x0137A09B+499867]
Ordinal0 [0x0137AFF5+503797]
Ordinal0 [0x01376994+485780]
Ordinal0 [0x01380FF0+528368]
Ordinal0 [0x0132D6C9+186057]
Ordinal0 [0x0132CA3D+182845]
Ordinal0 [0x0132A94B+174411]
Ordinal0 [0x01312528+75048]
Ordinal0 [0x013135A0+79264]
Ordinal0 [0x01313539+79161]
Ordinal0 [0x014AD607+1758727]
GetHandleVerifier [0x016B6546+1050150]
GetHandleVerifier [0x016B6291+1049457]
GetHandleVerifier [0x016C10D7+1094071]
GetHandleVerifier [0x016B6B46+1051686]
Ordinal0 [0x014A5B06+1727238]
Ordinal0 [0x014AEB7B+1764219]
Ordinal0 [0x014AECE3+1764579]
Ordinal0 [0x014C4C05+1854469]
BaseThreadInitThunk [0x74C862C4+36]
RtlSubscribeWnfStateChangeNotification [0x77B80609+1081]
RtlSubscribeWnfStateChangeNotification [0x77B805D4+1028]

at sun.reflect.NativeConstructorAccessorImpl.newInstance0(Native Method)
at sun.reflect.NativeConstructorAccessorImpl.newInstance(Unknown Source)
at sun.reflect.DelegatingConstructorAccessorImpl.newInstance(Unknown Source)
at java.lang.reflect.Constructor.newInstance(Unknown Source)
at org.openqa.selenium.remote.W3CHandshakeResponse.lambda$errorHandler$0(W3CHandshakeResponse.java:62)
at org.openqa.selenium.remote.HandshakeResponse.lambda$getResponseFunction$0(HandshakeResponse.java:30)
at org.openqa.selenium.remote.ProtocolHandshake.lambda$createSession$0(ProtocolHandshake.java:126)
at java.util.stream.ReferencePipeline$3$1.accept(Unknown Source)
at java.util.Spliterators$ArraySpliterator.tryAdvance(Unknown Source)
at java.util.stream.ReferencePipeline.forEachWithCancel(Unknown Source)
at java.util.stream.AbstractPipeline.copyIntoWithCancel(Unknown Source)
at java.util.stream.AbstractPipeline.copyInto(Unknown Source)
at java.util.stream.AbstractPipeline.wrapAndCopyInto(Unknown Source)
at java.util.stream.FindOps$FindOp.evaluateSequential(Unknown Source)
at java.util.stream.AbstractPipeline.evaluate(Unknown Source)
at java.util.stream.ReferencePipeline.findFirst(Unknown Source)
at org.openqa.selenium.remote.ProtocolHandshake.createSession(ProtocolHandshake.java:128)
at org.openqa.selenium.remote.ProtocolHandshake.createSession(ProtocolHandshake.java:74)
at org.openqa.selenium.remote.HttpCommandExecutor.execute(HttpCommandExecutor.java:136)
at org.openqa.selenium.remote.service.DriverCommandExecutor.execute(DriverCommandExecutor.java:83)
at org.openqa.selenium.remote.RemoteWebDriver.execute(RemoteWebDriver.java:552)
at org.openqa.selenium.remote.RemoteWebDriver.startSession(RemoteWebDriver.java:213)
at org.openqa.selenium.remote.RemoteWebDriver.<init>(RemoteWebDriver.java:131)
at org.openqa.selenium.chrome.ChromeDriver.<init>(ChromeDriver.java:181)
at org.openqa.selenium.chrome.ChromeDriver.<init>(ChromeDriver.java:168)
at org.openqa.selenium.chrome.ChromeDriver.<init>(ChromeDriver.java:123)
at com.vtiger.generics.BaseClass.openbrowser(BaseClass.java:33)
at sun.reflect.NativeMethodAccessorImpl.invoke0(Native Method)
at sun.reflect.NativeMethodAccessorImpl.invoke(Unknown Source)
at sun.reflect.DelegatingMethodAccessorImpl.invoke(Unknown Source)
at java.lang.reflect.Method.invoke(Unknown Source)
at org.testng.internal.MethodInvocationHelper.invokeMethod(MethodInvocationHelper.java:124)
at org.testng.internal.MethodInvocationHelper.invokeMethodConsideringTimeout(MethodInvocationHelper.java:59)
at org.testng.internal.Invoker.invokeConfigurationMethod(Invoker.java:458)
at org.testng.internal.Invoker.invokeConfigurations(Invoker.java:222)
at org.testng.internal.Invoker.invokeConfigurations(Invoker.java:142)
at org.testng.internal.TestMethodWorker.invokeBeforeClassMethods(TestMethodWorker.java:168)
at org.testng.internal.TestMethodWorker.run(TestMethodWorker.java:105)
at org.testng.TestRunner.privateRun(TestRunner.java:648)
at org.testng.TestRunner.run(TestRunner.java:505)
at org.testng.SuiteRunner.runTest(SuiteRunner.java:455)
at org.testng.SuiteRunner.runSequentially(SuiteRunner.java:450)
at org.testng.SuiteRunner.privateRun(SuiteRunner.java:415)
at org.testng.SuiteRunner.run(SuiteRunner.java:364)
at org.testng.SuiteRunnerWorker.runSuite(SuiteRunnerWorker.java:52)
at org.testng.SuiteRunnerWorker.run(SuiteRunnerWorker.java:84)
at org.testng.TestNG.runSuitesSequentially(TestNG.java:1208)
at org.testng.TestNG.runSuitesLocally(TestNG.java:1137)
at org.testng.TestNG.runSuites(TestNG.java:1049)
at org.testng.TestNG.run(TestNG.java:1017)
at org.testng.remote.AbstractRemoteTestNG.run(AbstractRemoteTestNG.java:132)
at org.testng.remote.RemoteTestNG.initAndRun(RemoteTestNG.java:230)
at org.testng.remote.RemoteTestNG.main(RemoteTestNG.java:76)
]]>
    </error>
  </testcase> <!-- openbrowser -->
  <testcase name="testEditContact" time="0.000" classname="com.vtiger.testscripts.ImportContact">
    <skipped/>
  </testcase> <!-- testEditContact -->
</testsuite> <!-- com.vtiger.testscripts.ImportContact -->
